app/build/intermediates/manifest_merge_blame_file/release/manifest-merger-blame-release-report.txt
1<?xml version="1.0" encoding="utf-8"?>
2<!--
3 Copyright (c) 2010-2011, The MiCode Open Source Community (www.micode.net)
4
5     Licensed under the Apache License, Version 2.0 (the "License");
6     you may not use this file except in compliance with the License.
7     You may obtain a copy of the License at
8
9          http://www.apache.org/licenses/LICENSE-2.0
10
11     Unless required by applicable law or agreed to in writing, software
12     distributed under the License is distributed on an "AS IS" BASIS,
13     WITHOUT WARRANTIES OR CONDITIONS OF ANY KIND, either express or implied.
14     See the License for the specific language governing permissions and
15     limitations under the License.
16-->
17<manifest xmlns:android="http://schemas.android.com/apk/res/android"
18    package="net.micode.notes"
19    android:versionCode="1"
20    android:versionName="0.1" >
21
22    <uses-sdk
22-->src\main\AndroidManifest.xml:23:5-44
23        android:minSdkVersion="14"
23-->src\main\AndroidManifest.xml:23:15-41
24        android:targetSdkVersion="29" />
24-->src\main\AndroidManifest.xml:23:5-44
25
26    <uses-permission android:name="android.permission.WRITE_EXTERNAL_STORAGE" />
26-->src\main\AndroidManifest.xml:25:5-81
26-->src\main\AndroidManifest.xml:25:22-78
27    <uses-permission android:name="com.android.launcher.permission.INSTALL_SHORTCUT" />
27-->src\main\AndroidManifest.xml:26:5-88
27-->src\main\AndroidManifest.xml:26:22-85
28    <uses-permission android:name="android.permission.INTERNET" />
28-->src\main\AndroidManifest.xml:27:5-67
28-->src\main\AndroidManifest.xml:27:22-64
29    <uses-permission android:name="android.permission.READ_CONTACTS" />
29-->src\main\AndroidManifest.xml:28:5-72
29-->src\main\AndroidManifest.xml:28:22-69
30    <uses-permission android:name="android.permission.MANAGE_ACCOUNTS" />
30-->src\main\AndroidManifest.xml:29:5-74
30-->src\main\AndroidManifest.xml:29:22-71
31    <uses-permission android:name="android.permission.AUTHENTICATE_ACCOUNTS" />
31-->src\main\AndroidManifest.xml:30:5-80
31-->src\main\AndroidManifest.xml:30:22-77
32    <uses-permission android:name="android.permission.GET_ACCOUNTS" />
32-->src\main\AndroidManifest.xml:31:5-71
32-->src\main\AndroidManifest.xml:31:22-68
33    <uses-permission android:name="android.permission.USE_CREDENTIALS" />
33-->src\main\AndroidManifest.xml:32:5-74
33-->src\main\AndroidManifest.xml:32:22-71
34    <uses-permission android:name="android.permission.RECEIVE_BOOT_COMPLETED" />
34-->src\main\AndroidManifest.xml:33:5-81
34-->src\main\AndroidManifest.xml:33:22-78
35
36    <application
36-->src\main\AndroidManifest.xml:35:5-149:19
37        android:icon="@drawable/icon_app"
37-->src\main\AndroidManifest.xml:36:9-42
38        android:label="@string/app_name" >
38-->src\main\AndroidManifest.xml:37:9-41
39        <activity
39-->src\main\AndroidManifest.xml:38:9-51:20
40            android:name="net.micode.notes.ui.NotesListActivity"
40-->src\main\AndroidManifest.xml:39:13-49
41            android:configChanges="keyboardHidden|orientation|screenSize"
41-->src\main\AndroidManifest.xml:40:13-74
42            android:label="@string/app_name"
42-->src\main\AndroidManifest.xml:41:13-45
43            android:launchMode="singleTop"
43-->src\main\AndroidManifest.xml:42:13-43
44            android:theme="@style/NoteTheme"
44-->src\main\AndroidManifest.xml:43:13-45
45            android:uiOptions="splitActionBarWhenNarrow"
45-->src\main\AndroidManifest.xml:44:13-57
46            android:windowSoftInputMode="adjustPan" >
46-->src\main\AndroidManifest.xml:45:13-52
47            <intent-filter>
47-->src\main\AndroidManifest.xml:47:13-50:29
48                <action android:name="android.intent.action.MAIN" />
48-->src\main\AndroidManifest.xml:48:17-69
48-->src\main\AndroidManifest.xml:48:25-66
49
50                <category android:name="android.intent.category.LAUNCHER" />
50-->src\main\AndroidManifest.xml:49:17-77
50-->src\main\AndroidManifest.xml:49:27-74
51            </intent-filter>
52        </activity>
53        <activity
53-->src\main\AndroidManifest.xml:53:9-81:20
54            android:name="net.micode.notes.ui.NoteEditActivity"
54-->src\main\AndroidManifest.xml:54:13-48
55            android:configChanges="keyboardHidden|orientation|screenSize"
55-->src\main\AndroidManifest.xml:55:13-74
56            android:launchMode="singleTop"
56-->src\main\AndroidManifest.xml:56:13-43
57            android:theme="@style/NoteTheme" >
57-->src\main\AndroidManifest.xml:57:13-45
58            <intent-filter>
58-->src\main\AndroidManifest.xml:59:13-64:29
59                <action android:name="android.intent.action.VIEW" />
59-->src\main\AndroidManifest.xml:60:17-69
59-->src\main\AndroidManifest.xml:60:25-66
60
61                <category android:name="android.intent.category.DEFAULT" />
61-->src\main\AndroidManifest.xml:61:17-76
61-->src\main\AndroidManifest.xml:61:27-73
62
63                <data android:mimeType="vnd.android.cursor.item/text_note" />
63-->src\main\AndroidManifest.xml:62:17-78
63-->src\main\AndroidManifest.xml:62:23-75
64                <data android:mimeType="vnd.android.cursor.item/call_note" />
64-->src\main\AndroidManifest.xml:62:17-78
64-->src\main\AndroidManifest.xml:62:23-75
65            </intent-filter>
66            <intent-filter>
66-->src\main\AndroidManifest.xml:66:13-71:29
67                <action android:name="android.intent.action.INSERT_OR_EDIT" />
67-->src\main\AndroidManifest.xml:67:17-79
67-->src\main\AndroidManifest.xml:67:25-76
68
69                <category android:name="android.intent.category.DEFAULT" />
69-->src\main\AndroidManifest.xml:61:17-76
69-->src\main\AndroidManifest.xml:61:27-73
70
71                <data android:mimeType="vnd.android.cursor.item/text_note" />
71-->src\main\AndroidManifest.xml:62:17-78
71-->src\main\AndroidManifest.xml:62:23-75
72                <data android:mimeType="vnd.android.cursor.item/call_note" />
72-->src\main\AndroidManifest.xml:62:17-78
72-->src\main\AndroidManifest.xml:62:23-75
73            </intent-filter>
74            <intent-filter>
74-->src\main\AndroidManifest.xml:73:13-76:29
75                <action android:name="android.intent.action.SEARCH" />
75-->src\main\AndroidManifest.xml:74:17-71
75-->src\main\AndroidManifest.xml:74:25-68
76
77                <category android:name="android.intent.category.DEFAULT" />
77-->src\main\AndroidManifest.xml:61:17-76
77-->src\main\AndroidManifest.xml:61:27-73
78            </intent-filter>
79
80            <meta-data
80-->src\main\AndroidManifest.xml:78:13-80:54
81                android:name="android.app.searchable"
81-->src\main\AndroidManifest.xml:79:17-54
82                android:resource="@xml/searchable" />
82-->src\main\AndroidManifest.xml:80:17-51
83        </activity>
84
85        <provider
85-->src\main\AndroidManifest.xml:83:9-86:43
86            android:name="net.micode.notes.data.NotesProvider"
86-->src\main\AndroidManifest.xml:84:13-63
87            android:authorities="micode_notes"
87-->src\main\AndroidManifest.xml:85:13-47
88            android:multiprocess="true" />
88-->src\main\AndroidManifest.xml:86:13-40
89
90        <receiver
90-->src\main\AndroidManifest.xml:88:9-100:20
91            android:name="net.micode.notes.widget.NoteWidgetProvider_2x"
91-->src\main\AndroidManifest.xml:89:13-57
92            android:label="@string/app_widget2x2" >
92-->src\main\AndroidManifest.xml:90:13-50
93            <intent-filter>
93-->src\main\AndroidManifest.xml:91:13-95:29
94                <action android:name="android.appwidget.action.APPWIDGET_UPDATE" />
94-->src\main\AndroidManifest.xml:92:17-84
94-->src\main\AndroidManifest.xml:92:25-81
95                <action android:name="android.appwidget.action.APPWIDGET_DELETED" />
95-->src\main\AndroidManifest.xml:93:17-85
95-->src\main\AndroidManifest.xml:93:25-82
96                <action android:name="android.intent.action.PRIVACY_MODE_CHANGED" />
96-->src\main\AndroidManifest.xml:94:17-85
96-->src\main\AndroidManifest.xml:94:25-82
97            </intent-filter>
98
99            <meta-data
99-->src\main\AndroidManifest.xml:97:13-99:58
100                android:name="android.appwidget.provider"
100-->src\main\AndroidManifest.xml:98:17-58
101                android:resource="@xml/widget_2x_info" />
101-->src\main\AndroidManifest.xml:99:17-55
102        </receiver>
103        <receiver
103-->src\main\AndroidManifest.xml:101:9-114:20
104            android:name="net.micode.notes.widget.NoteWidgetProvider_4x"
104-->src\main\AndroidManifest.xml:102:13-57
105            android:label="@string/app_widget4x4" >
105-->src\main\AndroidManifest.xml:103:13-50
106            <intent-filter>
106-->src\main\AndroidManifest.xml:91:13-95:29
107                <action android:name="android.appwidget.action.APPWIDGET_UPDATE" />
107-->src\main\AndroidManifest.xml:92:17-84
107-->src\main\AndroidManifest.xml:92:25-81
108                <action android:name="android.appwidget.action.APPWIDGET_DELETED" />
108-->src\main\AndroidManifest.xml:93:17-85
108-->src\main\AndroidManifest.xml:93:25-82
109                <action android:name="android.intent.action.PRIVACY_MODE_CHANGED" />
109-->src\main\AndroidManifest.xml:94:17-85
109-->src\main\AndroidManifest.xml:94:25-82
110            </intent-filter>
111
112            <meta-data
112-->src\main\AndroidManifest.xml:97:13-99:58
113                android:name="android.appwidget.provider"
113-->src\main\AndroidManifest.xml:98:17-58
114                android:resource="@xml/widget_4x_info" />
114-->src\main\AndroidManifest.xml:99:17-55
115        </receiver>
116        <receiver android:name="net.micode.notes.ui.AlarmInitReceiver" >
116-->src\main\AndroidManifest.xml:116:9-120:20
116-->src\main\AndroidManifest.xml:116:19-55
117            <intent-filter>
117-->src\main\AndroidManifest.xml:117:13-119:29
118                <action android:name="android.intent.action.BOOT_COMPLETED" />
118-->src\main\AndroidManifest.xml:118:17-79
118-->src\main\AndroidManifest.xml:118:25-76
119            </intent-filter>
120        </receiver>
121        <receiver
121-->src\main\AndroidManifest.xml:122:9-125:20
122            android:name="net.micode.notes.ui.AlarmReceiver"
122-->src\main\AndroidManifest.xml:123:13-61
123            android:process=":remote" >
123-->src\main\AndroidManifest.xml:124:13-38
124        </receiver>
125
126        <activity
126-->src\main\AndroidManifest.xml:127:9-132:20
127            android:name="net.micode.notes.ui.AlarmAlertActivity"
127-->src\main\AndroidManifest.xml:128:13-50
128            android:label="@string/app_name"
128-->src\main\AndroidManifest.xml:129:13-45
129            android:launchMode="singleInstance"
129-->src\main\AndroidManifest.xml:130:13-48
130            android:theme="@android:style/Theme.Holo.Wallpaper.NoTitleBar" >
130-->src\main\AndroidManifest.xml:131:13-75
131        </activity>
132        <activity
132-->src\main\AndroidManifest.xml:134:9-139:20
133            android:name="net.micode.notes.ui.NotesPreferenceActivity"
133-->src\main\AndroidManifest.xml:135:13-71
134            android:label="@string/preferences_title"
134-->src\main\AndroidManifest.xml:136:13-54
135            android:launchMode="singleTop"
135-->src\main\AndroidManifest.xml:137:13-43
136            android:theme="@android:style/Theme.Holo.Light" >
136-->src\main\AndroidManifest.xml:138:13-60
137        </activity>
138
139        <service
139-->src\main\AndroidManifest.xml:141:9-144:19
140            android:name="net.micode.notes.gtask.remote.GTaskSyncService"
140-->src\main\AndroidManifest.xml:142:13-74
141            android:exported="false" >
141-->src\main\AndroidManifest.xml:143:13-37
142        </service>
143
144        <meta-data
144-->src\main\AndroidManifest.xml:146:9-148:52
145            android:name="android.app.default_searchable"
145-->src\main\AndroidManifest.xml:147:13-58
146            android:value=".ui.NoteEditActivity" />
146-->src\main\AndroidManifest.xml:148:13-49
147    </application>
148
149</manifest>